{"level":"info","message":"Server is running on port 5000"}
{"level":"info","message":"Server is running on port 5000"}
{"level":"info","message":"Server is running on port 5000"}
{"level":"info","message":"Server is running on port 5000"}
{"level":"info","message":"Server is running on port 5000"}
{"level":"info","message":"Server is running on port 5000"}
{"level":"info","message":"Server is running on port 5000"}
{"level":"info","message":"Server is running on port 5000"}
{"level":"info","message":"Server is running on port 5000"}
{"level":"info","message":"Server is running on port 5000"}
{"level":"info","message":"Server is running on port 5000"}
{"level":"info","message":"Server is running on port 5000"}
{"level":"info","message":"Server is running on port 5000"}
{"level":"info","message":"Request: POST /api/user/login"}
{"level":"info","message":"Request: GET /api/product/get_all_products"}
{"level":"info","message":"Request: GET /api/product/get_all_products"}
{"level":"info","message":"Request: GET /api/product/get_all_products"}
{"level":"info","message":"Request: GET /api/product/get_all_products"}
{"level":"info","message":"Request: GET /api/product/get_all_products"}
{"level":"info","message":"Request: GET /api/product/get_all_products"}
{"level":"info","message":"Request: GET /api/product/get_single_product/66a66ee434d99d9562386f94"}
{"level":"info","message":"Request: GET /api/product/get_single_product/66a66ee434d99d9562386f94"}
{"level":"info","message":"Request: GET /api/product/get_single_product/66a66ee434d99d9562386f94"}
{"level":"info","message":"Request: GET /api/product/get_single_product/66a66ee434d99d9562386f94"}
{"level":"info","message":"Request: GET /api/esewa/create"}
{"level":"info","message":"Request: GET /products/$"}
{"level":"info","message":"Server is running on port 5000"}
{"level":"info","message":"Request: GET /api/product/get_single_product/66a66ee434d99d9562386f94"}
{"level":"info","message":"Request: GET /api/product/get_single_product/66a66ee434d99d9562386f94"}
{"level":"info","message":"Request: GET /api/product/get_single_product/66a66ee434d99d9562386f94"}
{"level":"info","message":"Request: GET /api/product/get_single_product/66a66ee434d99d9562386f94"}
{"level":"info","message":"Request: GET /api/product/get_all_products"}
{"level":"info","message":"Request: GET /api/product/get_all_products"}
{"level":"info","message":"Server is running on port 5000"}
{"level":"info","message":"Request: GET /api/product/get_all_products"}
{"level":"info","message":"Request: GET /api/product/get_all_products"}
{"level":"info","message":"Server is running on port 5000"}
{"level":"info","message":"Server is running on port 5000"}
{"level":"info","message":"Server is running on port 5000"}
{"level":"info","message":"Request: GET /api/product/get_all_products"}
{"level":"info","message":"Request: GET /api/product/get_all_products"}
{"level":"info","message":"Request: POST /api/user/login"}
{"level":"info","message":"Request: GET /api/product/get_all_products"}
{"level":"info","message":"Request: GET /api/product/get_all_products"}
{"level":"info","message":"Request: GET /api/product/get_all_products"}
{"level":"info","message":"Request: GET /api/product/get_all_products"}
{"level":"info","message":"Request: GET /api/product/get_all_products"}
{"level":"info","message":"Request: GET /api/product/get_all_products"}
{"level":"info","message":"Request: GET /api/product/get_single_product/6786032ebc2b261280361b1b"}
{"level":"info","message":"Request: GET /api/product/get_single_product/6786032ebc2b261280361b1b"}
{"level":"info","message":"Request: GET /api/product/get_single_product/6786032ebc2b261280361b1b"}
{"level":"info","message":"Request: GET /api/product/get_single_product/6786032ebc2b261280361b1b"}
{"level":"info","message":"Request: GET /api/product/get_single_product/6786032ebc2b261280361b1b"}
{"level":"info","message":"Request: GET /api/product/get_single_product/6786032ebc2b261280361b1b"}
{"level":"info","message":"Request: GET /api/product/get_all_products"}
{"level":"info","message":"Request: GET /api/product/get_all_products"}
{"level":"info","message":"Request: GET /api/product/get_single_product/66a66fd834d99d9562386fa0"}
{"level":"info","message":"Request: GET /api/product/get_single_product/66a66fd834d99d9562386fa0"}
{"level":"info","message":"Request: GET /api/product/get_single_product/66a66fd834d99d9562386fa0"}
{"level":"info","message":"Request: GET /api/product/get_single_product/66a66fd834d99d9562386fa0"}
{"level":"info","message":"Request: GET /api/product/get_all_products"}
{"level":"info","message":"Request: GET /api/product/get_all_products"}
{"level":"info","message":"Request: GET /api/product/get_all_products"}
{"level":"info","message":"Request: GET /api/product/get_all_products"}
{"level":"info","message":"Request: GET /api/product/get_all_products"}
{"level":"info","message":"Request: GET /api/product/get_all_products"}
{"level":"info","message":"Request: GET /api/product/get_single_product/66a66e4d34d99d9562386f8c"}
{"level":"info","message":"Request: GET /api/product/get_single_product/66a66e4d34d99d9562386f8c"}
{"level":"info","message":"Request: GET /api/product/get_single_product/66a66e4d34d99d9562386f8c"}
{"level":"info","message":"Request: GET /api/product/get_single_product/66a66e4d34d99d9562386f8c"}
{"level":"info","message":"Request: GET /api/product/get_single_product/66a66e4d34d99d9562386f8c"}
{"level":"info","message":"Request: GET /api/product/get_single_product/66a66e4d34d99d9562386f8c"}
{"level":"info","message":"Request: GET /api/product/get_all_products"}
{"level":"info","message":"Request: GET /api/product/get_all_products"}
{"level":"info","message":"Request: GET /api/product/get_single_product/66a66f7634d99d9562386f9c"}
{"level":"info","message":"Request: GET /api/product/get_single_product/66a66f7634d99d9562386f9c"}
{"level":"info","message":"Request: GET /api/product/get_all_products"}
{"level":"info","message":"Request: GET /api/product/get_all_products"}
{"level":"info","message":"Request: GET /api/product/get_all_products"}
{"level":"info","message":"Request: GET /api/product/get_all_products"}
{"level":"info","message":"Request: GET /api/product/get_single_product/66a66e4d34d99d9562386f8c"}
{"level":"info","message":"Request: GET /api/product/get_single_product/66a66e4d34d99d9562386f8c"}
{"level":"info","message":"Request: GET /api/product/get_all_products"}
{"level":"info","message":"Request: GET /api/product/get_all_products"}
{"level":"info","message":"Request: POST /api/product/create"}
{"level":"info","message":"Request: POST /api/product/create"}
{"level":"info","message":"Request: GET /api/product/get_all_products"}
{"level":"info","message":"Request: GET /api/product/get_all_products"}
{"level":"info","message":"Request: GET /api/product/get_single_product/66a66e4d34d99d9562386f8c"}
{"level":"info","message":"Request: GET /api/product/get_single_product/66a66e4d34d99d9562386f8c"}
{"level":"info","message":"Request: GET /api/product/get_all_products"}
{"level":"info","message":"Request: GET /api/product/get_all_products"}
{"level":"info","message":"Request: GET /api/product/get_all_products"}
{"level":"info","message":"Request: GET /api/product/get_all_products"}
{"level":"info","message":"Request: GET /api/product/get_single_product/66a66e4d34d99d9562386f8c"}
{"level":"info","message":"Request: GET /api/product/get_single_product/66a66e4d34d99d9562386f8c"}
{"level":"info","message":"Request: POST /api/user/login"}
{"level":"info","message":"Request: GET /api/product/get_all_products"}
{"level":"info","message":"Request: GET /api/product/get_all_products"}
{"level":"info","message":"Request: GET /api/product/get_single_product/66a66e4d34d99d9562386f8c"}
{"level":"info","message":"Request: GET /api/product/get_single_product/66a66e4d34d99d9562386f8c"}
{"level":"info","message":"Request: GET /api/product/get_all_products"}
{"level":"info","message":"Request: GET /api/product/get_all_products"}
{"level":"info","message":"Request: GET /api/product/get_single_product/66a66e4d34d99d9562386f8c"}
{"level":"info","message":"Request: GET /api/product/get_single_product/66a66e4d34d99d9562386f8c"}
{"level":"info","message":"Request: POST /api/user/login"}
{"level":"info","message":"Request: GET /api/product/get_all_products"}
{"level":"info","message":"Request: GET /api/product/get_all_products"}
{"level":"info","message":"Request: GET /api/product/get_single_product/66a66e4d34d99d9562386f8c"}
{"level":"info","message":"Request: GET /api/product/get_single_product/66a66e4d34d99d9562386f8c"}
{"level":"info","message":"Request: GET /api/car/single_bookings"}
{"level":"info","message":"Request: GET /api/car/single_bookings"}
{"level":"info","message":"Request: GET /api/reservations/all_reservations"}
{"level":"info","message":"Request: GET /api/reservations/all_reservations"}
{"level":"info","message":"Request: GET /api/car/single_bookings"}
{"level":"info","message":"Request: GET /api/car/single_bookings"}
{"level":"info","message":"Request: GET /api/product/get_all_products"}
{"level":"info","message":"Request: GET /api/product/get_all_products"}
{"level":"info","message":"Request: GET /api/product/get_single_product/66a66e4d34d99d9562386f8c"}
{"level":"info","message":"Request: GET /api/product/get_single_product/66a66e4d34d99d9562386f8c"}
{"level":"info","message":"Request: GET /api/product/get_all_products"}
{"level":"info","message":"Request: GET /api/product/get_all_products"}
{"level":"info","message":"Request: GET /api/product/get_single_product/66a66e4d34d99d9562386f8c"}
{"level":"info","message":"Request: GET /api/product/get_single_product/66a66e4d34d99d9562386f8c"}
{"level":"info","message":"Request: GET /api/product/get_single_product/66a66e4d34d99d9562386f8c"}
{"level":"info","message":"Request: GET /api/product/get_single_product/66a66e4d34d99d9562386f8c"}
{"level":"info","message":"Request: GET /api/product/get_all_products"}
{"level":"info","message":"Request: GET /api/product/get_all_products"}
{"level":"info","message":"Request: GET /api/product/get_single_product/66a66e4d34d99d9562386f8c"}
{"level":"info","message":"Request: GET /api/product/get_single_product/66a66e4d34d99d9562386f8c"}
{"level":"info","message":"Request: GET /api/product/get_all_products"}
{"level":"info","message":"Request: GET /api/product/get_all_products"}
{"level":"info","message":"Request: GET /api/product/get_single_product/66a66e4d34d99d9562386f8c"}
{"level":"info","message":"Request: GET /api/product/get_single_product/66a66e4d34d99d9562386f8c"}
{"level":"info","message":"Request: GET /api/product/get_all_products"}
{"level":"info","message":"Request: GET /api/product/get_all_products"}
{"level":"info","message":"Request: GET /api/product/get_single_product/66a66e4d34d99d9562386f8c"}
{"level":"info","message":"Request: GET /api/product/get_single_product/66a66e4d34d99d9562386f8c"}
{"level":"info","message":"Request: GET /api/product/get_all_products"}
{"level":"info","message":"Request: GET /api/product/get_all_products"}
